<?xml version="1.0" encoding="UTF-8"?>
<!-- Generated by org.testng.reporters.JUnitReportReporter -->
<testsuite hostname="DESKTOP-23HTLH6" failures="0" tests="1" name="runner.runner" time="213.570" errors="0" timestamp="2023-03-24T14:55:44 IST" skipped="0">
  <testcase classname="runner.runner" name="runScenario" time="213.570"/>
  <system-out/>
</testsuite> <!-- runner.runner -->
